<?xml version="1.0" encoding="UTF-8"?>
<!-- Generated by org.testng.reporters.JUnitXMLReporter -->
<testsuite ignored="1" hostname="LAPTOP-GODVOKSA" failures="0" tests="1" name="Default test" time="1.35" errors="0" timestamp="2023-03-15T15:57:49 EDT">
  <testcase classname="day4.ParsingJsonResponse" name="testJsonResponseBodyData" time="1.318"/>
  <testcase classname="day4.ParsingJsonResponse" name="testJsonResponse" time="0.0">
    <ignored/>
  </testcase> <!-- testJsonResponse -->
</testsuite> <!-- Default test -->
