<?xml version="1.0" encoding="UTF-8"?>
<testng-results ignored="1" total="2" passed="1" failed="0" skipped="0">
  <reporter-output>
  </reporter-output>
  <suite started-at="2023-03-15T15:57:47 EDT" name="Default suite" finished-at="2023-03-15T15:57:49 EDT" duration-ms="1350">
    <groups>
    </groups>
    <test started-at="2023-03-15T15:57:47 EDT" name="Default test" finished-at="2023-03-15T15:57:49 EDT" duration-ms="1350">
      <class name="day4.ParsingJsonResponse">
        <test-method signature="testJsonResponseBodyData()[pri:2, instance:day4.ParsingJsonResponse@479d31f3]" started-at="2023-03-15T15:57:47 EDT" name="testJsonResponseBodyData" finished-at="2023-03-15T15:57:49 EDT" duration-ms="1318" status="PASS">
          <reporter-output>
          </reporter-output>
        </test-method> <!-- testJsonResponseBodyData -->
      </class> <!-- day4.ParsingJsonResponse -->
    </test> <!-- Default test -->
  </suite> <!-- Default suite -->
</testng-results>
