<?xml version="1.0" encoding="UTF-8"?>
<testng-results ignored="0" total="1" passed="1" failed="0" skipped="0">
  <reporter-output>
  </reporter-output>
  <suite started-at="2023-03-15T20:50:06 EDT" name="Default suite" finished-at="2023-03-15T20:50:09 EDT" duration-ms="2567">
    <groups>
    </groups>
    <test started-at="2023-03-15T20:50:06 EDT" name="Default test" finished-at="2023-03-15T20:50:09 EDT" duration-ms="2567">
      <class name="day5.FileUploadAndDownload">
        <test-method signature="singleFileUpload()[pri:0, instance:day5.FileUploadAndDownload@479d31f3]" started-at="2023-03-15T20:50:06 EDT" name="singleFileUpload" finished-at="2023-03-15T20:50:09 EDT" duration-ms="2501" status="PASS">
          <reporter-output>
          </reporter-output>
        </test-method> <!-- singleFileUpload -->
      </class> <!-- day5.FileUploadAndDownload -->
    </test> <!-- Default test -->
  </suite> <!-- Default suite -->
</testng-results>
